[bestbuyfor.me/carbofix-buy/page2.html]
[backblue.gif]
[fade.gif]
[index.html]
[bestbuyfor.me/carbofix-buy/img/favicon7358.png]
[cdn.jsdelivr.net/npm/bootstrap@5.0.2/dist/css/bootstrap.min.css]
[bestbuyfor.me/carbofix-buy/css/styles7358.css]
[fonts.googleapis.com/css20466.css]
[fonts.googleapis.com/css29b3e.css]
[cdnjs.cloudflare.com/ajax/libs/font-awesome/5.15.2/css/all.min.css]
[bestbuyfor.me/carbofix-buy/js/jquery-3.5.1.min.js]
[bestbuyfor.me/carbofix-buy/img/bottles-header7358.png]
[bestbuyfor.me/carbofix-buy/order-now/index.html]
[bestbuyfor.me/carbofix-buy/img/fda7358.png]
[bestbuyfor.me/carbofix-buy/terms-of-use.html]
[bestbuyfor.me/carbofix-buy/privacy-policy.html]
[bestbuyfor.me/carbofix-buy/disclaimer.html]
[bestbuyfor.me/carbofix-buy/page2.html]
[fonts.googleapis.com/css20466.css]
[fonts.googleapis.com/css29b3e.css]
[bestbuyfor.me/carbofix-buy/order-now/index.html]
[bestbuyfor.me/carbofix-buy/img/favicon.png]
[bestbuyfor.me/carbofix-buy/terms-of-use.html]
[bestbuyfor.me/carbofix-buy/privacy-policy.html]
[bestbuyfor.me/carbofix-buy/disclaimer.html]
[bestbuyfor.me/carbofix-buy/js/jquery-3.5.1.min.js]
[bestbuyfor.me/carbofix-buy/css/styles.css]
[bestbuyfor.me/carbofix-buy/img/bottles-header7358.png]
[cdn.jsdelivr.net/npm/bootstrap@5.0.2/dist/css/bootstrap.min.css]
[bestbuyfor.me/carbofix-buy/img/fda7358.png]
[bestbuyfor.me/carbofix-buy/img/favicon.png]
[bestbuyfor.me/carbofix-buy/css/image/before.10.delayed]
[bestbuyfor.me/carbofix-buy/css/image/after.png]
[bestbuyfor.me/carbofix-buy/img/header3860.jpg]
[bestbuyfor.me/carbofix-buy/img/bonus_bg.png]
[bestbuyfor.me/carbofix-buy/css/styles7358.css]
[cdnjs.cloudflare.com/ajax/libs/font-awesome/5.15.2/css/all.min.css]
[bestbuyfor.me/carbofix-buy/img/box-bg.svg]
[bestbuyfor.me/carbofix-buy/css/styles.css]
[bestbuyfor.me/carbofix-buy/css/image/before.html]
[bestbuyfor.me/carbofix-buy/css/image/after.html]
[bestbuyfor.me/carbofix-buy/img/box-bg.svg]
[bestbuyfor.me/carbofix-buy/terms-of-use.html]
