[www.getvisisharp.store/index.html]
[backblue.gif]
[fade.gif]
[index.html]
[lh3.googleusercontent.com/Untitled.png]
[apis.google.com/js/clientc932.js]
[www.getvisisharp.store/home.html]
[www.getvisisharp.store/privacy.html]
[www.getvisisharp.store/terms-of-service.html]
[www.getvisisharp.store/contact.html]
[lh4.googleusercontent.com/visisharp.png]
[lh5.googleusercontent.com/Untitled.png]
[lh4.googleusercontent.com/visisharp6.jpg]
[lh5.googleusercontent.com/Untitled-2.png]
[www.getvisisharp.store/index.html]
[fonts.googleapis.com/css9f00.css]
[fonts.googleapis.com/css62ed.css]
[www.gstatic.com/_/atari/_/ss/k=atari.vw.IwABFYK-nHs.L.X.O/d=1/rs=AGEqA5lJ_0COTVdeJCzzPcbGJTv9u-Y3mw.css]
[www.getvisisharp.store/home.html]
[www.getvisisharp.store/privacy.html]
[www.getvisisharp.store/terms-of-service.html]
[www.getvisisharp.store/contact.html]
[fonts.googleapis.com/css7ee1.css]
[fonts.googleapis.com/css7ee1.css]
[www.getvisisharp.store/home.html]
